{
  "Cucumber Features": {
    "coverage": {
      "/home/ubuntu/workspace/bdd-tdd-cycle/app/controllers/application_controller.rb": [
        1,
        1,
        null
      ],
      "/home/ubuntu/workspace/bdd-tdd-cycle/app/helpers/application_helper.rb": [
        1,
        null
      ],
      "/home/ubuntu/workspace/bdd-tdd-cycle/app/helpers/movies_helper.rb": [
        1,
        null,
        1,
        0,
        null,
        null
      ],
      "/home/ubuntu/workspace/bdd-tdd-cycle/app/controllers/movies_controller.rb": [
        1,
        null,
        1,
        5,
        5,
        null,
        null,
        null,
        1,
        14,
        14,
        null,
        2,
        null,
        0,
        null,
        14,
        14,
        null,
        14,
        48,
        null,
        null,
        14,
        1,
        1,
        1,
        null,
        null,
        13,
        2,
        2,
        2,
        2,
        null,
        11,
        null,
        null,
        1,
        null,
        null,
        null,
        1,
        0,
        0,
        0,
        null,
        null,
        1,
        1,
        null,
        null,
        1,
        1,
        1,
        1,
        1,
        null,
        null,
        1,
        1,
        1,
        1,
        1,
        null,
        null,
        1,
        2,
        2,
        1,
        null,
        1,
        1,
        null,
        null,
        null,
        null
      ],
      "/home/ubuntu/workspace/bdd-tdd-cycle/app/models/movie.rb": [
        1,
        null,
        1,
        null,
        1,
        14,
        null,
        null,
        null
      ]
    },
    "timestamp": 1459827509
  },
  "RSpec": {
    "coverage": {
      "/home/ubuntu/workspace/bdd-tdd-cycle/app/controllers/application_controller.rb": [
        1,
        1,
        null
      ],
      "/home/ubuntu/workspace/bdd-tdd-cycle/app/helpers/application_helper.rb": [
        1,
        null
      ],
      "/home/ubuntu/workspace/bdd-tdd-cycle/app/helpers/movies_helper.rb": [
        1,
        null,
        1,
        0,
        null,
        null
      ],
      "/home/ubuntu/workspace/bdd-tdd-cycle/app/controllers/movies_controller.rb": [
        1,
        null,
        1,
        0,
        0,
        null,
        null,
        null,
        1,
        0,
        0,
        null,
        0,
        null,
        0,
        null,
        0,
        0,
        null,
        0,
        0,
        null,
        null,
        0,
        0,
        0,
        0,
        null,
        null,
        0,
        0,
        0,
        0,
        0,
        null,
        0,
        null,
        null,
        1,
        null,
        null,
        null,
        1,
        0,
        0,
        0,
        null,
        null,
        1,
        0,
        null,
        null,
        1,
        0,
        0,
        0,
        0,
        null,
        null,
        1,
        0,
        0,
        0,
        0,
        null,
        null,
        1,
        0,
        0,
        0,
        null,
        0,
        0,
        null,
        null,
        null,
        null
      ],
      "/home/ubuntu/workspace/bdd-tdd-cycle/app/models/movie.rb": [
        1,
        null,
        1,
        null,
        1,
        0,
        null,
        null,
        null
      ]
    },
    "timestamp": 1459822093
  }
}
